<?xml version="1.0" encoding="UTF-8"?>
<!-- Generated by org.testng.reporters.JUnitXMLReporter -->
<testsuite ignored="0" hostname="DESKTOP-PFNGT10" failures="1" tests="52" name="Test" time="52.978" errors="0" timestamp="2022-07-10T20:27:22 IST">
  <testcase classname="test.TestHealthInsurancePage" name="clickHealthInsurance" time="1.563"/>
  <testcase classname="test.TestHealthInsurancePage" name="clickSubmit" time="0.198"/>
  <testcase classname="test.TestHealthInsurancePage" name="selectAgeYoung" time="0.142"/>
  <testcase classname="test.TestHealthInsurancePage" name="selectAgeOld" time="0.109"/>
  <testcase classname="test.TestHealthInsurancePage" name="openCityPage" time="0.147"/>
  <testcase classname="test.TestHealthInsurancePage" name="enterPinCode" time="0.101"/>
  <testcase classname="test.TestHealthInsurancePage" name="enterCity" time="0.189"/>
  <testcase classname="test.TestHealthInsurancePage" name="selectCity" time="0.193"/>
  <testcase classname="test.TestHealthInsurancePage" name="selectGender" time="0.087"/>
  <testcase classname="test.TestHealthInsurancePage" name="enterName" time="0.067"/>
  <testcase classname="test.TestHealthInsurancePage" name="enterNumber" time="0.158"/>
  <testcase classname="test.TestHealthInsurancePage" name="viewMedicalHistoryPage" time="0.164"/>
  <testcase classname="test.TestHealthInsurancePage" name="checkNoDisease" time="5.038">
    <failure type="org.openqa.selenium.NoSuchElementException" message="no such element: Unable to locate element: {&amp;quot;method&amp;quot;:&amp;quot;css selector&amp;quot;,&amp;quot;selector&amp;quot;:&amp;quot;#ped_last&amp;quot;}
  (Session info: chrome=103.0.5060.114)
For documentation on this error, please visit: https://selenium.dev/exceptions/#no_such_element
Build info: version: &amp;apos;4.3.0&amp;apos;, revision: &amp;apos;a4995e2c09*&amp;apos;
System info: host: &amp;apos;DESKTOP-PFNGT10&amp;apos;, ip: &amp;apos;192.168.29.153&amp;apos;, os.name: &amp;apos;Windows 11&amp;apos;, os.arch: &amp;apos;amd64&amp;apos;, os.version: &amp;apos;10.0&amp;apos;, java.version: &amp;apos;17.0.2&amp;apos;
Driver info: org.openqa.selenium.chrome.ChromeDriver
Command: [1faa9c3c0dfef138c69626747e4c4bc8, findElement {using=id, value=ped_last}]
Capabilities {acceptInsecureCerts: false, browserName: chrome, browserVersion: 103.0.5060.114, chrome: {chromedriverVersion: 103.0.5060.53 (a1711811edd7..., userDataDir: C:\Users\plymouth.015\AppDa...}, goog:chromeOptions: {debuggerAddress: localhost:59940}, networkConnectionEnabled: false, pageLoadStrategy: normal, platformName: WINDOWS, proxy: Proxy(), se:cdp: ws://localhost:59940/devtoo..., se:cdpVersion: 103.0.5060.114, setWindowRect: true, strictFileInteractability: false, timeouts: {implicit: 0, pageLoad: 300000, script: 30000}, unhandledPromptBehavior: dismiss and notify, webauthn:extension:credBlob: true, webauthn:extension:largeBlob: true, webauthn:virtualAuthenticators: true}
Session ID: 1faa9c3c0dfef138c69626747e4c4bc8">
      <![CDATA[org.openqa.selenium.NoSuchElementException: no such element: Unable to locate element: {"method":"css selector","selector":"#ped_last"}
  (Session info: chrome=103.0.5060.114)
For documentation on this error, please visit: https://selenium.dev/exceptions/#no_such_element
Build info: version: '4.3.0', revision: 'a4995e2c09*'
System info: host: 'DESKTOP-PFNGT10', ip: '192.168.29.153', os.name: 'Windows 11', os.arch: 'amd64', os.version: '10.0', java.version: '17.0.2'
Driver info: org.openqa.selenium.chrome.ChromeDriver
Command: [1faa9c3c0dfef138c69626747e4c4bc8, findElement {using=id, value=ped_last}]
Capabilities {acceptInsecureCerts: false, browserName: chrome, browserVersion: 103.0.5060.114, chrome: {chromedriverVersion: 103.0.5060.53 (a1711811edd7..., userDataDir: C:\Users\plymouth.015\AppDa...}, goog:chromeOptions: {debuggerAddress: localhost:59940}, networkConnectionEnabled: false, pageLoadStrategy: normal, platformName: WINDOWS, proxy: Proxy(), se:cdp: ws://localhost:59940/devtoo..., se:cdpVersion: 103.0.5060.114, setWindowRect: true, strictFileInteractability: false, timeouts: {implicit: 0, pageLoad: 300000, script: 30000}, unhandledPromptBehavior: dismiss and notify, webauthn:extension:credBlob: true, webauthn:extension:largeBlob: true, webauthn:virtualAuthenticators: true}
Session ID: 1faa9c3c0dfef138c69626747e4c4bc8
at org.openqa.selenium.remote.codec.w3c.W3CHttpResponseCodec.createException(W3CHttpResponseCodec.java:200)
at org.openqa.selenium.remote.codec.w3c.W3CHttpResponseCodec.decode(W3CHttpResponseCodec.java:133)
at org.openqa.selenium.remote.codec.w3c.W3CHttpResponseCodec.decode(W3CHttpResponseCodec.java:53)
at org.openqa.selenium.remote.HttpCommandExecutor.execute(HttpCommandExecutor.java:184)
at org.openqa.selenium.remote.service.DriverCommandExecutor.invokeExecute(DriverCommandExecutor.java:167)
at org.openqa.selenium.remote.service.DriverCommandExecutor.execute(DriverCommandExecutor.java:142)
at org.openqa.selenium.remote.RemoteWebDriver.execute(RemoteWebDriver.java:569)
at org.openqa.selenium.remote.ElementLocation$ElementFinder$2.findElement(ElementLocation.java:162)
at org.openqa.selenium.remote.ElementLocation.findElement(ElementLocation.java:60)
at org.openqa.selenium.remote.RemoteWebDriver.findElement(RemoteWebDriver.java:387)
at org.openqa.selenium.remote.RemoteWebDriver.findElement(RemoteWebDriver.java:379)
at pages.HealthInsurancePage.checkWithNoDisease(HealthInsurancePage.java:91)
at test.TestHealthInsurancePage.checkNoDisease(TestHealthInsurancePage.java:102)
at java.base/java.util.ArrayList.forEach(ArrayList.java:1511)
... Removed 32 stack frames]]>
    </failure>
  </testcase> <!-- checkNoDisease -->
  <testcase classname="test.TestHealthInsurancePage" name="checkAnyDisease" time="0.001"/>
  <testcase classname="test.TestHealthInsurancePage" name="getPlansInfo" time="5.059"/>
  <testcase classname="test.TestTravelInsurancePage" name="clickTravelInsurance" time="0.16"/>
  <testcase classname="test.TestTravelInsurancePage" name="enterRightDestination" time="2.901"/>
  <testcase classname="test.TestTravelInsurancePage" name="selectRightDestination" time="0.207"/>
  <testcase classname="test.TestTravelInsurancePage" name="enterWrongDestination" time="0.184"/>
  <testcase classname="test.TestTravelInsurancePage" name="selectWrongDestination" time="5.084"/>
  <testcase classname="test.TestTravelInsurancePage" name="enterDigitsDestination" time="0.114"/>
  <testcase classname="test.TestTravelInsurancePage" name="enterEmptyDestination" time="0.042"/>
  <testcase classname="test.TestTravelInsurancePage" name="openTravelDurationPage" time="0.27"/>
  <testcase classname="test.TestTravelInsurancePage" name="setDuration" time="0.506"/>
  <testcase classname="test.TestTravelInsurancePage" name="openTravellerPage" time="0.689"/>
  <testcase classname="test.TestTravelInsurancePage" name="openMedicalPage" time="0.086"/>
  <testcase classname="test.TestTravelInsurancePage" name="openContactPage" time="0.532"/>
  <testcase classname="test.TestTravelInsurancePage" name="viewPlanNoContact" time="0.18"/>
  <testcase classname="test.TestTravelInsurancePage" name="viewPlanPage" time="0.205"/>
  <testcase classname="test.TestTravelInsurancePage" name="applyFilter" time="2.295"/>
  <testcase classname="test.TestTravelInsurancePage" name="applySort" time="0.642"/>
  <testcase classname="test.TestTravelInsurancePage" name="getCardName" time="0.298"/>
  <testcase classname="test.TestTravelInsurancePage" name="getCardPrice" time="0.284"/>
  <testcase classname="test.TestTravelInsurancePage" name="getInfo" time="0.001"/>
  <testcase classname="test.TestCarInsurancePage" name="testCarInsuranceIcon" time="1.148"/>
  <testcase classname="test.TestCarInsurancePage" name="testProceedButton" time="1.191"/>
  <testcase classname="test.TestCarInsurancePage" name="testCityIcon" time="0.272"/>
  <testcase classname="test.TestCarInsurancePage" name="testCityDistrictCode" time="0.105"/>
  <testcase classname="test.TestCarInsurancePage" name="testCarIcons" time="0.579"/>
  <testcase classname="test.TestCarInsurancePage" name="testCarModelIcons" time="0.314"/>
  <testcase classname="test.TestCarInsurancePage" name="testSelectCarFuelType" time="0.395"/>
  <testcase classname="test.TestCarInsurancePage" name="testForAutomaticVariant" time="0.296"/>
  <testcase classname="test.TestCarInsurancePage" name="testForAllVariant" time="0.061"/>
  <testcase classname="test.TestCarInsurancePage" name="testForManualVariant" time="0.06"/>
  <testcase classname="test.TestCarInsurancePage" name="testSelectCarVariant" time="0.056"/>
  <testcase classname="test.TestCarInsurancePage" name="testSelectAnyYear" time="0.284"/>
  <testcase classname="test.TestCarInsurancePage" name="testWriteInvalidFullName" time="0.326"/>
  <testcase classname="test.TestCarInsurancePage" name="testWriteInvalidEmail" time="0.106"/>
  <testcase classname="test.TestCarInsurancePage" name="testWriteInvalidPhoneNumber" time="0.144"/>
  <testcase classname="test.TestCarInsurancePage" name="testViewPriceInvalidDetails" time="0.099"/>
  <testcase classname="test.TestCarInsurancePage" name="testGetEmailErrorMessage" time="0.03"/>
  <testcase classname="test.TestCarInsurancePage" name="testValidDetails" time="2.481"/>
</testsuite> <!-- Test -->
