<?xml version="1.0" encoding="UTF-8"?>
<!-- Generated by org.testng.reporters.JUnitReportReporter -->
<<<<<<< HEAD
<testsuite hostname="MyHp" failures="0" tests="9" name="test.TestTravelInsurancePage" time="8.606" errors="1" timestamp="2022-07-08T20:31:16 IST" skipped="0">
  <testcase classname="test.TestTravelInsurancePage" name="openPage" time="4.110"/>
=======
<testsuite hostname="DESKTOP-PFNGT10" failures="0" tests="16" name="test.TestTravelInsurancePage" time="19.069" errors="0" timestamp="2022-07-09T16:19:44 IST" skipped="0">
  <testcase classname="test.TestTravelInsurancePage" name="openPage" time="1.948"/>
>>>>>>> branch 'master' of https://github.com/somakjha/Hackathon.git
  <system-out/>
<<<<<<< HEAD
  <testcase classname="test.TestTravelInsurancePage" name="clickTravelInsurance" time="2.216"/>
=======
  <testcase classname="test.TestTravelInsurancePage" name="clickTravelInsurance" time="1.987"/>
>>>>>>> branch 'master' of https://github.com/somakjha/Hackathon.git
  <system-out/>
<<<<<<< HEAD
  <testcase classname="test.TestTravelInsurancePage" name="enterRightDestination" time="0.337"/>
=======
  <testcase classname="test.TestTravelInsurancePage" name="enterRightDestination" time="0.119"/>
>>>>>>> branch 'master' of https://github.com/somakjha/Hackathon.git
  <system-out/>
<<<<<<< HEAD
  <testcase classname="test.TestTravelInsurancePage" name="selectRightDestination" time="0.460">
    <error message="no such element: Unable to locate element: {&quot;method&quot;:&quot;xpath&quot;,&quot;selector&quot;:&quot;//*[@id=&quot;input-row&quot;]/p/i&quot;}
  (Session info: chrome=103.0.5060.114)
For documentation on this error, please visit: https://selenium.dev/exceptions/#no_such_element
Build info: version: &#039;4.3.0&#039;, revision: &#039;a4995e2c09*&#039;
System info: host: &#039;MYHP&#039;, ip: &#039;192.168.29.253&#039;, os.name: &#039;Windows 10&#039;, os.arch: &#039;amd64&#039;, os.version: &#039;10.0&#039;, java.version: &#039;16.0.2&#039;
Driver info: org.openqa.selenium.chrome.ChromeDriver
Command: [b289df5cffd13764444ee4335a7765d1, findElement {using=xpath, value=//*[@id=&quot;input-row&quot;]/p/i}]
Capabilities {acceptInsecureCerts: false, browserName: chrome, browserVersion: 103.0.5060.114, chrome: {chromedriverVersion: 103.0.5060.53 (a1711811edd7..., userDataDir: C:\Users\amay2\AppData\Loca...}, goog:chromeOptions: {debuggerAddress: localhost:59070}, networkConnectionEnabled: false, pageLoadStrategy: normal, platformName: WINDOWS, proxy: Proxy(), se:cdp: ws://localhost:59070/devtoo..., se:cdpVersion: 103.0.5060.114, setWindowRect: true, strictFileInteractability: false, timeouts: {implicit: 0, pageLoad: 300000, script: 30000}, unhandledPromptBehavior: dismiss and notify, webauthn:extension:credBlob: true, webauthn:extension:largeBlob: true, webauthn:virtualAuthenticators: true}
Session ID: b289df5cffd13764444ee4335a7765d1" type="org.openqa.selenium.NoSuchElementException">
      <![CDATA[org.openqa.selenium.NoSuchElementException: no such element: Unable to locate element: {"method":"xpath","selector":"//*[@id="input-row"]/p/i"}
  (Session info: chrome=103.0.5060.114)
For documentation on this error, please visit: https://selenium.dev/exceptions/#no_such_element
Build info: version: '4.3.0', revision: 'a4995e2c09*'
System info: host: 'MYHP', ip: '192.168.29.253', os.name: 'Windows 10', os.arch: 'amd64', os.version: '10.0', java.version: '16.0.2'
Driver info: org.openqa.selenium.chrome.ChromeDriver
Command: [b289df5cffd13764444ee4335a7765d1, findElement {using=xpath, value=//*[@id="input-row"]/p/i}]
Capabilities {acceptInsecureCerts: false, browserName: chrome, browserVersion: 103.0.5060.114, chrome: {chromedriverVersion: 103.0.5060.53 (a1711811edd7..., userDataDir: C:\Users\amay2\AppData\Loca...}, goog:chromeOptions: {debuggerAddress: localhost:59070}, networkConnectionEnabled: false, pageLoadStrategy: normal, platformName: WINDOWS, proxy: Proxy(), se:cdp: ws://localhost:59070/devtoo..., se:cdpVersion: 103.0.5060.114, setWindowRect: true, strictFileInteractability: false, timeouts: {implicit: 0, pageLoad: 300000, script: 30000}, unhandledPromptBehavior: dismiss and notify, webauthn:extension:credBlob: true, webauthn:extension:largeBlob: true, webauthn:virtualAuthenticators: true}
Session ID: b289df5cffd13764444ee4335a7765d1
at java.base/jdk.internal.reflect.NativeConstructorAccessorImpl.newInstance0(Native Method)
at java.base/jdk.internal.reflect.NativeConstructorAccessorImpl.newInstance(NativeConstructorAccessorImpl.java:78)
at java.base/jdk.internal.reflect.DelegatingConstructorAccessorImpl.newInstance(DelegatingConstructorAccessorImpl.java:45)
at java.base/java.lang.reflect.Constructor.newInstanceWithCaller(Constructor.java:499)
at java.base/java.lang.reflect.Constructor.newInstance(Constructor.java:480)
at org.openqa.selenium.remote.codec.w3c.W3CHttpResponseCodec.createException(W3CHttpResponseCodec.java:200)
at org.openqa.selenium.remote.codec.w3c.W3CHttpResponseCodec.decode(W3CHttpResponseCodec.java:133)
at org.openqa.selenium.remote.codec.w3c.W3CHttpResponseCodec.decode(W3CHttpResponseCodec.java:53)
at org.openqa.selenium.remote.HttpCommandExecutor.execute(HttpCommandExecutor.java:184)
at org.openqa.selenium.remote.service.DriverCommandExecutor.invokeExecute(DriverCommandExecutor.java:167)
at org.openqa.selenium.remote.service.DriverCommandExecutor.execute(DriverCommandExecutor.java:142)
at org.openqa.selenium.remote.RemoteWebDriver.execute(RemoteWebDriver.java:569)
at org.openqa.selenium.remote.ElementLocation$ElementFinder$2.findElement(ElementLocation.java:162)
at org.openqa.selenium.remote.ElementLocation.findElement(ElementLocation.java:60)
at org.openqa.selenium.remote.RemoteWebDriver.findElement(RemoteWebDriver.java:387)
at org.openqa.selenium.remote.RemoteWebDriver.findElement(RemoteWebDriver.java:379)
at org.openqa.selenium.support.pagefactory.DefaultElementLocator.findElement(DefaultElementLocator.java:70)
at org.openqa.selenium.support.pagefactory.internal.LocatingElementHandler.invoke(LocatingElementHandler.java:39)
at jdk.proxy2/jdk.proxy2.$Proxy14.click(Unknown Source)
at pages.TravelInsurancePage.clearSearchTag(TravelInsurancePage.java:73)
at test.TestTravelInsurancePage.selectRightDestination(TestTravelInsurancePage.java:41)
at java.base/jdk.internal.reflect.NativeMethodAccessorImpl.invoke0(Native Method)
at java.base/jdk.internal.reflect.NativeMethodAccessorImpl.invoke(NativeMethodAccessorImpl.java:78)
at java.base/jdk.internal.reflect.DelegatingMethodAccessorImpl.invoke(DelegatingMethodAccessorImpl.java:43)
at java.base/java.lang.reflect.Method.invoke(Method.java:567)
at org.testng.internal.MethodInvocationHelper.invokeMethod(MethodInvocationHelper.java:133)
at org.testng.internal.TestInvoker.invokeMethod(TestInvoker.java:598)
at org.testng.internal.TestInvoker.invokeTestMethod(TestInvoker.java:173)
at org.testng.internal.MethodRunner.runInSequence(MethodRunner.java:46)
at org.testng.internal.TestInvoker$MethodInvocationAgent.invoke(TestInvoker.java:824)
at org.testng.internal.TestInvoker.invokeTestMethods(TestInvoker.java:146)
at org.testng.internal.TestMethodWorker.invokeTestMethods(TestMethodWorker.java:146)
at org.testng.internal.TestMethodWorker.run(TestMethodWorker.java:128)
at java.base/java.util.ArrayList.forEach(ArrayList.java:1511)
at org.testng.TestRunner.privateRun(TestRunner.java:794)
at org.testng.TestRunner.run(TestRunner.java:596)
at org.testng.SuiteRunner.runTest(SuiteRunner.java:377)
at org.testng.SuiteRunner.runSequentially(SuiteRunner.java:371)
at org.testng.SuiteRunner.privateRun(SuiteRunner.java:332)
at org.testng.SuiteRunner.run(SuiteRunner.java:276)
at org.testng.SuiteRunnerWorker.runSuite(SuiteRunnerWorker.java:53)
at org.testng.SuiteRunnerWorker.run(SuiteRunnerWorker.java:96)
at org.testng.TestNG.runSuitesSequentially(TestNG.java:1212)
at org.testng.TestNG.runSuitesLocally(TestNG.java:1134)
at org.testng.TestNG.runSuites(TestNG.java:1063)
at org.testng.TestNG.run(TestNG.java:1031)
at org.testng.remote.AbstractRemoteTestNG.run(AbstractRemoteTestNG.java:115)
at org.testng.remote.RemoteTestNG.initAndRun(RemoteTestNG.java:251)
at org.testng.remote.RemoteTestNG.main(RemoteTestNG.java:77)
]]>
    </error>
  </testcase> <!-- selectRightDestination -->
=======
  <testcase classname="test.TestTravelInsurancePage" name="selectRightDestination" time="0.248"/>
>>>>>>> branch 'master' of https://github.com/somakjha/Hackathon.git
  <system-out/>
<<<<<<< HEAD
  <testcase classname="test.TestTravelInsurancePage" name="enterWrongDestination" time="0.307"/>
=======
  <testcase classname="test.TestTravelInsurancePage" name="enterWrongDestination" time="0.170"/>
>>>>>>> branch 'master' of https://github.com/somakjha/Hackathon.git
  <system-out/>
<<<<<<< HEAD
  <testcase classname="test.TestTravelInsurancePage" name="selectWrongDestination" time="0.113"/>
=======
  <testcase classname="test.TestTravelInsurancePage" name="selectWrongDestination" time="10.061"/>
>>>>>>> branch 'master' of https://github.com/somakjha/Hackathon.git
  <system-out/>
<<<<<<< HEAD
  <testcase classname="test.TestTravelInsurancePage" name="enterDigitsDestination" time="0.327"/>
=======
  <testcase classname="test.TestTravelInsurancePage" name="enterDigitsDestination" time="0.181"/>
>>>>>>> branch 'master' of https://github.com/somakjha/Hackathon.git
  <system-out/>
<<<<<<< HEAD
  <testcase classname="test.TestTravelInsurancePage" name="enterEmptyDestination" time="0.146"/>
=======
  <testcase classname="test.TestTravelInsurancePage" name="enterEmptyDestination" time="0.052"/>
>>>>>>> branch 'master' of https://github.com/somakjha/Hackathon.git
  <system-out/>
<<<<<<< HEAD
  <testcase classname="test.TestTravelInsurancePage" name="openTravelDurationTab" time="0.590"/>
=======
  <testcase classname="test.TestTravelInsurancePage" name="openTravelDurationPage" time="0.338"/>
  <system-out/>
  <testcase classname="test.TestTravelInsurancePage" name="setDuration" time="0.570"/>
  <system-out/>
  <testcase classname="test.TestTravelInsurancePage" name="openTravellerPage" time="0.750"/>
  <system-out/>
  <testcase classname="test.TestTravelInsurancePage" name="openMedicalPage" time="0.120"/>
  <system-out/>
  <testcase classname="test.TestTravelInsurancePage" name="openContactPage" time="0.448"/>
  <system-out/>
  <testcase classname="test.TestTravelInsurancePage" name="viewPlanNoContact" time="0.226"/>
  <system-out/>
  <testcase classname="test.TestTravelInsurancePage" name="viewPlanPage" time="0.256"/>
  <system-out/>
  <testcase classname="test.TestTravelInsurancePage" name="applyFilter" time="1.595"/>
>>>>>>> branch 'master' of https://github.com/somakjha/Hackathon.git
  <system-out/>
</testsuite> <!-- test.TestTravelInsurancePage -->
